18:22:19.284 [main] INFO  testCases.TC_003_LoginDp -  ***Starting TC_003_LoginDataDrivenTest*** 
18:22:20.321 [main] INFO  testCases.TC_003_LoginDp -  ***Starting TC_003_LoginDataDrivenTest*** 
18:22:30.541 [main] INFO  testCases.TC_003_LoginDp -  ***Starting TC_003_LoginDataDrivenTest*** 
18:22:48.528 [main] INFO  testCases.TC_003_LoginDp - *** Finished TC_003_LoginDataDrivenTest***
18:22:48.530 [main] INFO  testCases.TC_003_LoginDp -  ***Starting TC_003_LoginDataDrivenTest*** 
18:22:59.112 [main] INFO  testCases.TC_003_LoginDp - *** Finished TC_003_LoginDataDrivenTest***
18:22:59.114 [main] INFO  testCases.TC_003_LoginDp -  ***Starting TC_003_LoginDataDrivenTest*** 
18:23:09.678 [main] INFO  testCases.TC_003_LoginDp - *** Finished TC_003_LoginDataDrivenTest***
18:26:24.148 [main] INFO  testCases.TC_003_LoginDp -  ***Starting TC_003_LoginDataDrivenTest*** 
18:26:25.063 [main] INFO  testCases.TC_003_LoginDp -  ***Starting TC_003_LoginDataDrivenTest*** 
18:26:35.241 [main] INFO  testCases.TC_003_LoginDp -  ***Starting TC_003_LoginDataDrivenTest*** 
18:26:45.424 [main] INFO  testCases.TC_003_LoginDp -  ***Starting TC_003_LoginDataDrivenTest*** 
18:26:55.658 [main] INFO  testCases.TC_003_LoginDp -  ***Starting TC_003_LoginDataDrivenTest*** 
18:33:04.224 [main] INFO  testCases.TC_003_LoginDp -  ***Starting TC_003_LoginDataDrivenTest*** 
18:33:05.153 [main] INFO  testCases.TC_003_LoginDp -  ***Starting TC_003_LoginDataDrivenTest*** 
18:33:16.299 [main] INFO  testCases.TC_003_LoginDp -  ***Starting TC_003_LoginDataDrivenTest*** 
18:33:26.816 [main] INFO  testCases.TC_003_LoginDp - *** Finished TC_003_LoginDataDrivenTest***
18:33:26.816 [main] INFO  testCases.TC_003_LoginDp -  ***Starting TC_003_LoginDataDrivenTest*** 
18:33:37.391 [main] INFO  testCases.TC_003_LoginDp - *** Finished TC_003_LoginDataDrivenTest***
18:33:37.391 [main] INFO  testCases.TC_003_LoginDp -  ***Starting TC_003_LoginDataDrivenTest*** 
18:33:47.904 [main] INFO  testCases.TC_003_LoginDp - *** Finished TC_003_LoginDataDrivenTest***
18:34:30.157 [main] INFO  testCases.TC_003_LoginDp -  ***Starting TC_003_LoginDataDrivenTest*** 
18:34:31.018 [main] INFO  testCases.TC_003_LoginDp -  ***Starting TC_003_LoginDataDrivenTest*** 
18:34:41.218 [main] INFO  testCases.TC_003_LoginDp -  ***Starting TC_003_LoginDataDrivenTest*** 
18:34:51.453 [main] INFO  testCases.TC_003_LoginDp -  ***Starting TC_003_LoginDataDrivenTest*** 
18:35:01.635 [main] INFO  testCases.TC_003_LoginDp -  ***Starting TC_003_LoginDataDrivenTest*** 
18:38:29.040 [main] INFO  testCases.TC_003_LoginDp -  ***Starting TC_003_LoginDataDrivenTest*** 
18:38:29.900 [main] INFO  testCases.TC_003_LoginDp -  ***Starting TC_003_LoginDataDrivenTest*** 
18:38:40.133 [main] INFO  testCases.TC_003_LoginDp -  ***Starting TC_003_LoginDataDrivenTest*** 
18:38:50.354 [main] INFO  testCases.TC_003_LoginDp -  ***Starting TC_003_LoginDataDrivenTest*** 
18:43:33.444 [main] INFO  testCases.TC_003_LoginDp -  ***Starting TC_003_LoginDataDrivenTest*** 
18:43:34.514 [main] INFO  testCases.TC_003_LoginDp -  ***Starting TC_003_LoginDataDrivenTest*** 
18:43:44.682 [main] INFO  testCases.TC_003_LoginDp -  ***Starting TC_003_LoginDataDrivenTest*** 
18:43:54.867 [main] INFO  testCases.TC_003_LoginDp -  ***Starting TC_003_LoginDataDrivenTest*** 
18:44:05.066 [main] INFO  testCases.TC_003_LoginDp -  ***Starting TC_003_LoginDataDrivenTest*** 
18:46:37.534 [main] INFO  testCases.TC_003_LoginDp -  ***Starting TC_003_LoginDataDrivenTest*** 
18:46:38.464 [main] INFO  testCases.TC_003_LoginDp -  ***Starting TC_003_LoginDataDrivenTest*** 
18:46:43.932 [main] INFO  testCases.TC_003_LoginDp -  ***Starting TC_003_LoginDataDrivenTest*** 
18:46:57.171 [main] INFO  testCases.TC_003_LoginDp - *** Finished TC_003_LoginDataDrivenTest***
18:46:57.173 [main] INFO  testCases.TC_003_LoginDp -  ***Starting TC_003_LoginDataDrivenTest*** 
18:47:07.654 [main] INFO  testCases.TC_003_LoginDp - *** Finished TC_003_LoginDataDrivenTest***
18:47:07.654 [main] INFO  testCases.TC_003_LoginDp -  ***Starting TC_003_LoginDataDrivenTest*** 
18:47:18.188 [main] INFO  testCases.TC_003_LoginDp - *** Finished TC_003_LoginDataDrivenTest***
18:52:04.913 [main] INFO  testCases.TC_003_LoginDp -  ***Starting TC_003_LoginDataDrivenTest*** 
18:52:05.891 [main] INFO  testCases.TC_003_LoginDp -  ***Starting TC_003_LoginDataDrivenTest*** 
18:52:16.136 [main] INFO  testCases.TC_003_LoginDp -  ***Starting TC_003_LoginDataDrivenTest*** 
18:52:26.416 [main] INFO  testCases.TC_003_LoginDp -  ***Starting TC_003_LoginDataDrivenTest*** 
18:52:36.686 [main] INFO  testCases.TC_003_LoginDp -  ***Starting TC_003_LoginDataDrivenTest*** 
18:53:32.320 [main] INFO  testCases.TC_003_LoginDp -  ***Starting TC_003_LoginDataDrivenTest*** 
18:53:33.313 [main] INFO  testCases.TC_003_LoginDp - *** Finished TC_003_LoginDataDrivenTest***
18:53:33.322 [main] INFO  testCases.TC_003_LoginDp -  ***Starting TC_003_LoginDataDrivenTest*** 
18:53:34.143 [main] INFO  testCases.TC_003_LoginDp - *** Finished TC_003_LoginDataDrivenTest***
18:53:34.145 [main] INFO  testCases.TC_003_LoginDp -  ***Starting TC_003_LoginDataDrivenTest*** 
18:53:44.693 [main] INFO  testCases.TC_003_LoginDp - *** Finished TC_003_LoginDataDrivenTest***
18:53:44.693 [main] INFO  testCases.TC_003_LoginDp -  ***Starting TC_003_LoginDataDrivenTest*** 
18:53:55.199 [main] INFO  testCases.TC_003_LoginDp - *** Finished TC_003_LoginDataDrivenTest***
18:53:55.199 [main] INFO  testCases.TC_003_LoginDp -  ***Starting TC_003_LoginDataDrivenTest*** 
18:54:05.684 [main] INFO  testCases.TC_003_LoginDp - *** Finished TC_003_LoginDataDrivenTest***
18:54:49.387 [main] INFO  testCases.TC_001_AccountRegistrationTest - *** starting TC_001_AccountRegistrationTest *** 
18:54:49.389 [main] INFO  testCases.TC_001_AccountRegistrationTest - Clicked on My Account 
18:54:49.431 [main] INFO  testCases.TC_001_AccountRegistrationTest - Clicked on Register link 
18:54:49.783 [main] INFO  testCases.TC_001_AccountRegistrationTest - *** starting TC_001_AccountRegistrationTest *** 
18:54:49.783 [main] INFO  testCases.TC_001_AccountRegistrationTest - Providing customer data 
18:54:50.076 [main] INFO  testCases.TC_001_AccountRegistrationTest - Clicked on Continue 
18:54:52.503 [main] INFO  testCases.TC_001_AccountRegistrationTest - Validating expected result 
18:54:52.522 [main] INFO  testCases.TC_001_AccountRegistrationTest - *** Finished TC_001_AccountRegistrationTest *** 
18:54:54.256 [main] INFO  testCases.TC_002LoginAccount - *** starting TC_002LoginAccount *** 
18:54:54.256 [main] INFO  testCases.TC_002LoginAccount - Clicked on My Account 
18:54:54.296 [main] INFO  testCases.TC_002LoginAccount - Clicked Login 
18:54:54.500 [main] INFO  testCases.TC_002LoginAccount - on account login page 
18:54:54.500 [main] INFO  testCases.TC_002LoginAccount - Providing registered customer data 
18:54:54.605 [main] INFO  testCases.TC_002LoginAccount - Click on login button 
18:54:54.839 [main] INFO  testCases.TC_002LoginAccount - On account dashboard 
18:54:54.882 [main] INFO  testCases.TC_002LoginAccount - *** Finished TC_002LoginAccount *** 
18:54:57.120 [main] INFO  testCases.TC_003_LoginDp -  ***Starting TC_003_LoginDataDrivenTest*** 
18:54:58.001 [main] INFO  testCases.TC_003_LoginDp - *** Finished TC_003_LoginDataDrivenTest***
18:54:58.003 [main] INFO  testCases.TC_003_LoginDp -  ***Starting TC_003_LoginDataDrivenTest*** 
18:54:58.935 [main] INFO  testCases.TC_003_LoginDp - *** Finished TC_003_LoginDataDrivenTest***
18:54:58.938 [main] INFO  testCases.TC_003_LoginDp -  ***Starting TC_003_LoginDataDrivenTest*** 
18:55:09.450 [main] INFO  testCases.TC_003_LoginDp - *** Finished TC_003_LoginDataDrivenTest***
18:55:09.450 [main] INFO  testCases.TC_003_LoginDp -  ***Starting TC_003_LoginDataDrivenTest*** 
18:55:19.938 [main] INFO  testCases.TC_003_LoginDp - *** Finished TC_003_LoginDataDrivenTest***
18:55:19.938 [main] INFO  testCases.TC_003_LoginDp -  ***Starting TC_003_LoginDataDrivenTest*** 
18:55:30.481 [main] INFO  testCases.TC_003_LoginDp - *** Finished TC_003_LoginDataDrivenTest***
01:34:07.346 [main] INFO  testCases.TC_002LoginAccount - *** starting TC_002LoginAccount *** 
01:34:07.348 [main] INFO  testCases.TC_002LoginAccount - Clicked on My Account 
01:34:07.395 [main] INFO  testCases.TC_002LoginAccount - Clicked Login 
01:34:07.731 [main] INFO  testCases.TC_002LoginAccount - on account login page 
01:34:07.731 [main] INFO  testCases.TC_002LoginAccount - Providing registered customer data 
01:34:07.840 [main] INFO  testCases.TC_002LoginAccount - Click on login button 
01:34:08.260 [main] INFO  testCases.TC_002LoginAccount - On account dashboard 
01:34:08.282 [main] INFO  testCases.TC_002LoginAccount - *** Finished TC_002LoginAccount *** 
01:35:09.081 [main] INFO  testCases.TC_002LoginAccount - *** starting TC_002LoginAccount *** 
01:35:09.083 [main] INFO  testCases.TC_002LoginAccount - Clicked on My Account 
01:35:09.125 [main] INFO  testCases.TC_002LoginAccount - Clicked Login 
01:35:09.336 [main] INFO  testCases.TC_002LoginAccount - on account login page 
01:35:09.336 [main] INFO  testCases.TC_002LoginAccount - Providing registered customer data 
01:35:09.434 [main] INFO  testCases.TC_002LoginAccount - Click on login button 
01:35:09.694 [main] INFO  testCases.TC_002LoginAccount - On account dashboard 
01:35:09.734 [main] INFO  testCases.TC_002LoginAccount - *** Finished TC_002LoginAccount *** 
01:35:56.419 [main] INFO  testCases.TC_002LoginAccount - *** starting TC_002LoginAccount *** 
01:35:56.422 [main] INFO  testCases.TC_002LoginAccount - Clicked on My Account 
01:35:56.467 [main] INFO  testCases.TC_002LoginAccount - Clicked Login 
01:35:56.661 [main] INFO  testCases.TC_002LoginAccount - on account login page 
01:35:56.661 [main] INFO  testCases.TC_002LoginAccount - Providing registered customer data 
01:35:56.760 [main] INFO  testCases.TC_002LoginAccount - Click on login button 
01:35:57.017 [main] INFO  testCases.TC_002LoginAccount - On account dashboard 
01:35:57.036 [main] INFO  testCases.TC_002LoginAccount - *** Finished TC_002LoginAccount *** 
01:36:17.034 [main] INFO  testCases.TC_002LoginAccount - *** starting TC_002LoginAccount *** 
01:36:17.036 [main] INFO  testCases.TC_002LoginAccount - Clicked on My Account 
01:36:17.077 [main] INFO  testCases.TC_002LoginAccount - Clicked Login 
01:36:17.277 [main] INFO  testCases.TC_002LoginAccount - on account login page 
01:36:17.277 [main] INFO  testCases.TC_002LoginAccount - Providing registered customer data 
01:36:17.378 [main] INFO  testCases.TC_002LoginAccount - Click on login button 
01:36:17.753 [main] INFO  testCases.TC_002LoginAccount - On account dashboard 
01:36:17.776 [main] INFO  testCases.TC_002LoginAccount - *** Finished TC_002LoginAccount *** 
01:38:07.050 [main] INFO  testCases.TC_001_AccountRegistrationTest - *** starting TC_001_AccountRegistrationTest *** 
01:38:07.052 [main] INFO  testCases.TC_001_AccountRegistrationTest - Clicked on My Account 
01:38:07.094 [main] INFO  testCases.TC_001_AccountRegistrationTest - Clicked on Register link 
01:38:07.578 [main] INFO  testCases.TC_001_AccountRegistrationTest - *** starting TC_001_AccountRegistrationTest *** 
01:38:07.578 [main] INFO  testCases.TC_001_AccountRegistrationTest - Providing customer data 
01:38:07.868 [main] INFO  testCases.TC_001_AccountRegistrationTest - Clicked on Continue 
01:38:10.343 [main] INFO  testCases.TC_001_AccountRegistrationTest - Validating expected result 
01:38:10.360 [main] INFO  testCases.TC_001_AccountRegistrationTest - *** Finished TC_001_AccountRegistrationTest *** 
01:38:11.712 [main] INFO  testCases.TC_002LoginAccount - *** starting TC_002LoginAccount *** 
01:38:11.712 [main] INFO  testCases.TC_002LoginAccount - Clicked on My Account 
01:38:11.752 [main] INFO  testCases.TC_002LoginAccount - Clicked Login 
01:38:11.955 [main] INFO  testCases.TC_002LoginAccount - on account login page 
01:38:11.955 [main] INFO  testCases.TC_002LoginAccount - Providing registered customer data 
01:38:12.060 [main] INFO  testCases.TC_002LoginAccount - Click on login button 
01:38:12.275 [main] INFO  testCases.TC_002LoginAccount - On account dashboard 
01:38:12.311 [main] INFO  testCases.TC_002LoginAccount - *** Finished TC_002LoginAccount *** 
01:38:14.306 [main] INFO  testCases.TC_003_LoginDp -  ***Starting TC_003_LoginDataDrivenTest*** 
01:38:15.218 [main] INFO  testCases.TC_003_LoginDp - *** Finished TC_003_LoginDataDrivenTest***
01:38:15.221 [main] INFO  testCases.TC_003_LoginDp -  ***Starting TC_003_LoginDataDrivenTest*** 
01:38:15.994 [main] INFO  testCases.TC_003_LoginDp - *** Finished TC_003_LoginDataDrivenTest***
01:38:15.997 [main] INFO  testCases.TC_003_LoginDp -  ***Starting TC_003_LoginDataDrivenTest*** 
01:38:26.554 [main] INFO  testCases.TC_003_LoginDp - *** Finished TC_003_LoginDataDrivenTest***
01:38:26.556 [main] INFO  testCases.TC_003_LoginDp -  ***Starting TC_003_LoginDataDrivenTest*** 
01:38:37.016 [main] INFO  testCases.TC_003_LoginDp - *** Finished TC_003_LoginDataDrivenTest***
01:38:37.019 [main] INFO  testCases.TC_003_LoginDp -  ***Starting TC_003_LoginDataDrivenTest*** 
01:38:47.528 [main] INFO  testCases.TC_003_LoginDp - *** Finished TC_003_LoginDataDrivenTest***
02:03:20.786 [main] INFO  testCases.TC_001_AccountRegistrationTest - *** starting TC_001_AccountRegistrationTest *** 
02:03:20.788 [main] INFO  testCases.TC_001_AccountRegistrationTest - Clicked on My Account 
02:03:20.830 [main] INFO  testCases.TC_001_AccountRegistrationTest - Clicked on Register link 
02:03:21.076 [main] INFO  testCases.TC_001_AccountRegistrationTest - *** starting TC_001_AccountRegistrationTest *** 
02:03:21.076 [main] INFO  testCases.TC_001_AccountRegistrationTest - Providing customer data 
02:03:21.374 [main] INFO  testCases.TC_001_AccountRegistrationTest - Clicked on Continue 
02:03:23.765 [main] INFO  testCases.TC_001_AccountRegistrationTest - Validating expected result 
02:03:23.782 [main] INFO  testCases.TC_001_AccountRegistrationTest - *** Finished TC_001_AccountRegistrationTest *** 
02:03:25.229 [main] INFO  testCases.TC_002LoginAccount - *** starting TC_002LoginAccount *** 
02:03:25.229 [main] INFO  testCases.TC_002LoginAccount - Clicked on My Account 
02:03:25.267 [main] INFO  testCases.TC_002LoginAccount - Clicked Login 
02:03:25.465 [main] INFO  testCases.TC_002LoginAccount - on account login page 
02:03:25.465 [main] INFO  testCases.TC_002LoginAccount - Providing registered customer data 
02:03:25.561 [main] INFO  testCases.TC_002LoginAccount - Click on login button 
02:03:25.800 [main] INFO  testCases.TC_002LoginAccount - On account dashboard 
02:03:25.821 [main] INFO  testCases.TC_002LoginAccount - *** Finished TC_002LoginAccount *** 
02:03:27.822 [main] INFO  testCases.TC_003_LoginDp -  ***Starting TC_003_LoginDataDrivenTest*** 
02:03:28.773 [main] INFO  testCases.TC_003_LoginDp - *** Finished TC_003_LoginDataDrivenTest***
02:03:28.774 [main] INFO  testCases.TC_003_LoginDp -  ***Starting TC_003_LoginDataDrivenTest*** 
02:03:29.606 [main] INFO  testCases.TC_003_LoginDp - *** Finished TC_003_LoginDataDrivenTest***
02:03:29.607 [main] INFO  testCases.TC_003_LoginDp -  ***Starting TC_003_LoginDataDrivenTest*** 
02:03:40.091 [main] INFO  testCases.TC_003_LoginDp - *** Finished TC_003_LoginDataDrivenTest***
02:03:40.091 [main] INFO  testCases.TC_003_LoginDp -  ***Starting TC_003_LoginDataDrivenTest*** 
02:03:50.605 [main] INFO  testCases.TC_003_LoginDp - *** Finished TC_003_LoginDataDrivenTest***
02:03:50.605 [main] INFO  testCases.TC_003_LoginDp -  ***Starting TC_003_LoginDataDrivenTest*** 
02:04:01.183 [main] INFO  testCases.TC_003_LoginDp - *** Finished TC_003_LoginDataDrivenTest***
02:34:08.144 [main] INFO  testCases.TC_001_AccountRegistrationTest - *** starting TC_001_AccountRegistrationTest *** 
02:34:08.146 [main] INFO  testCases.TC_001_AccountRegistrationTest - Clicked on My Account 
02:34:08.190 [main] INFO  testCases.TC_001_AccountRegistrationTest - Clicked on Register link 
02:34:08.530 [main] INFO  testCases.TC_001_AccountRegistrationTest - *** starting TC_001_AccountRegistrationTest *** 
02:34:08.530 [main] INFO  testCases.TC_001_AccountRegistrationTest - Providing customer data 
02:34:08.826 [main] INFO  testCases.TC_001_AccountRegistrationTest - Clicked on Continue 
02:34:11.212 [main] INFO  testCases.TC_001_AccountRegistrationTest - Validating expected result 
02:34:11.229 [main] INFO  testCases.TC_001_AccountRegistrationTest - *** Finished TC_001_AccountRegistrationTest *** 
02:34:12.586 [main] INFO  testCases.TC_002LoginAccount - *** starting TC_002LoginAccount *** 
02:34:12.586 [main] INFO  testCases.TC_002LoginAccount - Clicked on My Account 
02:34:12.628 [main] INFO  testCases.TC_002LoginAccount - Clicked Login 
02:34:12.851 [main] INFO  testCases.TC_002LoginAccount - on account login page 
02:34:12.852 [main] INFO  testCases.TC_002LoginAccount - Providing registered customer data 
02:34:12.961 [main] INFO  testCases.TC_002LoginAccount - Click on login button 
02:34:13.215 [main] INFO  testCases.TC_002LoginAccount - On account dashboard 
02:34:13.236 [main] INFO  testCases.TC_002LoginAccount - *** Finished TC_002LoginAccount *** 
02:34:15.247 [main] INFO  testCases.TC_003_LoginDp -  ***Starting TC_003_LoginDataDrivenTest*** 
02:34:16.225 [main] INFO  testCases.TC_003_LoginDp - *** Finished TC_003_LoginDataDrivenTest***
02:34:16.226 [main] INFO  testCases.TC_003_LoginDp -  ***Starting TC_003_LoginDataDrivenTest*** 
02:34:17.152 [main] INFO  testCases.TC_003_LoginDp - *** Finished TC_003_LoginDataDrivenTest***
02:34:17.153 [main] INFO  testCases.TC_003_LoginDp -  ***Starting TC_003_LoginDataDrivenTest*** 
02:34:27.730 [main] INFO  testCases.TC_003_LoginDp - *** Finished TC_003_LoginDataDrivenTest***
02:34:27.730 [main] INFO  testCases.TC_003_LoginDp -  ***Starting TC_003_LoginDataDrivenTest*** 
02:34:38.293 [main] INFO  testCases.TC_003_LoginDp - *** Finished TC_003_LoginDataDrivenTest***
02:34:38.293 [main] INFO  testCases.TC_003_LoginDp -  ***Starting TC_003_LoginDataDrivenTest*** 
02:34:48.793 [main] INFO  testCases.TC_003_LoginDp - *** Finished TC_003_LoginDataDrivenTest***
02:44:11.028 [main] INFO  testCases.TC_001_AccountRegistrationTest - *** starting TC_001_AccountRegistrationTest *** 
02:44:11.029 [main] INFO  testCases.TC_001_AccountRegistrationTest - Clicked on My Account 
02:44:11.072 [main] INFO  testCases.TC_001_AccountRegistrationTest - Clicked on Register link 
02:44:11.321 [main] INFO  testCases.TC_001_AccountRegistrationTest - *** starting TC_001_AccountRegistrationTest *** 
02:44:11.321 [main] INFO  testCases.TC_001_AccountRegistrationTest - Providing customer data 
02:44:11.603 [main] INFO  testCases.TC_001_AccountRegistrationTest - Clicked on Continue 
02:44:13.900 [main] INFO  testCases.TC_001_AccountRegistrationTest - Validating expected result 
02:44:13.910 [main] INFO  testCases.TC_001_AccountRegistrationTest - *** Finished TC_001_AccountRegistrationTest *** 
02:44:15.272 [main] INFO  testCases.TC_002LoginAccount - *** starting TC_002LoginAccount *** 
02:44:15.272 [main] INFO  testCases.TC_002LoginAccount - Clicked on My Account 
02:44:15.313 [main] INFO  testCases.TC_002LoginAccount - Clicked Login 
02:44:15.548 [main] INFO  testCases.TC_002LoginAccount - on account login page 
02:44:15.548 [main] INFO  testCases.TC_002LoginAccount - Providing registered customer data 
02:44:15.655 [main] INFO  testCases.TC_002LoginAccount - Click on login button 
02:44:15.909 [main] INFO  testCases.TC_002LoginAccount - On account dashboard 
02:44:15.925 [main] INFO  testCases.TC_002LoginAccount - *** Finished TC_002LoginAccount *** 
02:44:17.879 [main] INFO  testCases.TC_003_LoginDp -  ***Starting TC_003_LoginDataDrivenTest*** 
02:44:18.840 [main] INFO  testCases.TC_003_LoginDp - *** Finished TC_003_LoginDataDrivenTest***
02:44:18.840 [main] INFO  testCases.TC_003_LoginDp -  ***Starting TC_003_LoginDataDrivenTest*** 
02:44:19.751 [main] INFO  testCases.TC_003_LoginDp - *** Finished TC_003_LoginDataDrivenTest***
02:44:19.753 [main] INFO  testCases.TC_003_LoginDp -  ***Starting TC_003_LoginDataDrivenTest*** 
02:44:30.483 [main] INFO  testCases.TC_003_LoginDp - *** Finished TC_003_LoginDataDrivenTest***
02:44:30.483 [main] INFO  testCases.TC_003_LoginDp -  ***Starting TC_003_LoginDataDrivenTest*** 
02:44:40.995 [main] INFO  testCases.TC_003_LoginDp - *** Finished TC_003_LoginDataDrivenTest***
02:44:40.995 [main] INFO  testCases.TC_003_LoginDp -  ***Starting TC_003_LoginDataDrivenTest*** 
02:44:51.525 [main] INFO  testCases.TC_003_LoginDp - *** Finished TC_003_LoginDataDrivenTest***
